[2018-07-19 19:01:23][debug] begin notify
[2018-07-19 19:01:23][debug] call back:{"appid":"wx1bdf47082a621bc3","attach":"\u62fc\u56e2\u6d4b\u8bd5\u5c0f\u7a0b\u5e8f\u652f\u4ed8","bank_type":"CFT","cash_fee":"1","fee_type":"CNY","is_subscribe":"N","mch_id":"1243665202","nonce_str":"hl0gm7lw76rhsnwyliajjx7yd30v6mii","openid":"o7ksA0ekbz8j7OU2yvWemfq1GJiA","out_trade_no":"201e20180720031434","result_code":"SUCCESS","return_code":"SUCCESS","sign":"91A01089DCBF30C6E292980644ADF3B1","time_end":"20180719190123","total_fee":"1","trade_type":"JSAPI","transaction_id":"4200000127201807194667411279"}
[2018-07-19 19:01:24][debug] query:{"appid":"wx1bdf47082a621bc3","attach":"\u62fc\u56e2\u6d4b\u8bd5\u5c0f\u7a0b\u5e8f\u652f\u4ed8","bank_type":"CFT","cash_fee":"1","fee_type":"CNY","is_subscribe":"N","mch_id":"1243665202","nonce_str":"Foxx9o54rjemFFNY","openid":"o7ksA0ekbz8j7OU2yvWemfq1GJiA","out_trade_no":"201e20180720031434","result_code":"SUCCESS","return_code":"SUCCESS","return_msg":"OK","sign":"50A0F2E26EEA91989DD6118DD1CD5914","time_end":"20180719190123","total_fee":"1","trade_state":"SUCCESS","trade_state_desc":"\u652f\u4ed8\u6210\u529f","trade_type":"JSAPI","transaction_id":"4200000127201807194667411279"}
[2018-07-19 19:01:24][debug] begin_paid:201e20180720031434
[2018-07-19 19:01:24][debug] order_paid:201e20180720031434
[2018-07-19 19:12:15][debug] begin notify
[2018-07-19 19:12:15][debug] call back:{"appid":"wx1bdf47082a621bc3","attach":"\u62fc\u56e2\u6d4b\u8bd5\u5c0f\u7a0b\u5e8f\u652f\u4ed8","bank_type":"CFT","cash_fee":"1","fee_type":"CNY","is_subscribe":"N","mch_id":"1243665202","nonce_str":"a9qh61e0es7lp2zczkbe8wdb1edq2jll","openid":"o7ksA0ekbz8j7OU2yvWemfq1GJiA","out_trade_no":"202e20180720032516","result_code":"SUCCESS","return_code":"SUCCESS","sign":"D8AEE84D0E4365F7E26A2223DBAB6D99","time_end":"20180719191214","total_fee":"1","trade_type":"JSAPI","transaction_id":"4200000112201807197065773030"}
[2018-07-19 19:12:15][debug] query:{"appid":"wx1bdf47082a621bc3","attach":"\u62fc\u56e2\u6d4b\u8bd5\u5c0f\u7a0b\u5e8f\u652f\u4ed8","bank_type":"CFT","cash_fee":"1","fee_type":"CNY","is_subscribe":"N","mch_id":"1243665202","nonce_str":"arf9h7Dn8g3V0mt8","openid":"o7ksA0ekbz8j7OU2yvWemfq1GJiA","out_trade_no":"202e20180720032516","result_code":"SUCCESS","return_code":"SUCCESS","return_msg":"OK","sign":"7B6A9A6E66244047A69F0853B5B05437","time_end":"20180719191214","total_fee":"1","trade_state":"SUCCESS","trade_state_desc":"\u652f\u4ed8\u6210\u529f","trade_type":"JSAPI","transaction_id":"4200000112201807197065773030"}
[2018-07-19 19:12:15][debug] begin_paid:202e20180720032516
[2018-07-19 19:12:15][debug] order_paid:202e20180720032516
[2018-07-19 21:39:07][debug] begin notify
[2018-07-19 21:39:07][debug] call back:{"appid":"wx1bdf47082a621bc3","attach":"\u62fc\u56e2\u6d4b\u8bd5\u5c0f\u7a0b\u5e8f\u652f\u4ed8","bank_type":"CFT","cash_fee":"1","fee_type":"CNY","is_subscribe":"N","mch_id":"1243665202","nonce_str":"p5v13gy7o6uoq8m55yd64rl6djg0fej5","openid":"o7ksA0ekbz8j7OU2yvWemfq1GJiA","out_trade_no":"203e20180720055159","result_code":"SUCCESS","return_code":"SUCCESS","sign":"AEB577B4B0F14FB4129F38B28396B88A","time_end":"20180719213905","total_fee":"1","trade_type":"JSAPI","transaction_id":"4200000125201807193973713917"}
[2018-07-19 21:39:07][debug] query:{"appid":"wx1bdf47082a621bc3","attach":"\u62fc\u56e2\u6d4b\u8bd5\u5c0f\u7a0b\u5e8f\u652f\u4ed8","bank_type":"CFT","cash_fee":"1","fee_type":"CNY","is_subscribe":"N","mch_id":"1243665202","nonce_str":"x8AHlQ2rfu1v7cWl","openid":"o7ksA0ekbz8j7OU2yvWemfq1GJiA","out_trade_no":"203e20180720055159","result_code":"SUCCESS","return_code":"SUCCESS","return_msg":"OK","sign":"87C6FBF4408D857456B034FF15491279","time_end":"20180719213905","total_fee":"1","trade_state":"SUCCESS","trade_state_desc":"\u652f\u4ed8\u6210\u529f","trade_type":"JSAPI","transaction_id":"4200000125201807193973713917"}
[2018-07-19 21:39:07][debug] begin_paid:203e20180720055159
[2018-07-19 21:39:07][debug] order_paid:203e20180720055159
[2018-07-19 21:42:14][debug] begin notify
[2018-07-19 21:42:14][debug] call back:{"appid":"wx1bdf47082a621bc3","attach":"\u62fc\u56e2\u6d4b\u8bd5\u5c0f\u7a0b\u5e8f\u652f\u4ed8","bank_type":"CFT","cash_fee":"1","fee_type":"CNY","is_subscribe":"N","mch_id":"1243665202","nonce_str":"3lkjnlr9p6awibpqvha76jjstg6ec049","openid":"o7ksA0ekbz8j7OU2yvWemfq1GJiA","out_trade_no":"204e20180720055521","result_code":"SUCCESS","return_code":"SUCCESS","sign":"55D89666F7007A8AE877AD75B8C05676","time_end":"20180719214213","total_fee":"1","trade_type":"JSAPI","transaction_id":"4200000124201807191935437357"}
[2018-07-19 21:42:14][debug] query:{"appid":"wx1bdf47082a621bc3","attach":"\u62fc\u56e2\u6d4b\u8bd5\u5c0f\u7a0b\u5e8f\u652f\u4ed8","bank_type":"CFT","cash_fee":"1","fee_type":"CNY","is_subscribe":"N","mch_id":"1243665202","nonce_str":"LuPQvXL0N23biKLH","openid":"o7ksA0ekbz8j7OU2yvWemfq1GJiA","out_trade_no":"204e20180720055521","result_code":"SUCCESS","return_code":"SUCCESS","return_msg":"OK","sign":"F4005468082946B78795DC375A3CB041","time_end":"20180719214213","total_fee":"1","trade_state":"SUCCESS","trade_state_desc":"\u652f\u4ed8\u6210\u529f","trade_type":"JSAPI","transaction_id":"4200000124201807191935437357"}
[2018-07-19 21:42:14][debug] begin_paid:204e20180720055521
[2018-07-19 21:42:14][debug] order_paid:204e20180720055521
